[2023-05-10 06:14:45,307] {taskinstance.py:1032} INFO - Dependencies all met for <TaskInstance: feature_engineering_dag.start manual__2023-05-10T06:14:42.871371+00:00 [queued]>
[2023-05-10 06:14:45,322] {taskinstance.py:1032} INFO - Dependencies all met for <TaskInstance: feature_engineering_dag.start manual__2023-05-10T06:14:42.871371+00:00 [queued]>
[2023-05-10 06:14:45,322] {taskinstance.py:1238} INFO - 
--------------------------------------------------------------------------------
[2023-05-10 06:14:45,323] {taskinstance.py:1239} INFO - Starting attempt 1 of 1
[2023-05-10 06:14:45,323] {taskinstance.py:1240} INFO - 
--------------------------------------------------------------------------------
[2023-05-10 06:14:45,348] {taskinstance.py:1259} INFO - Executing <Task(BashOperator): start> on 2023-05-10 06:14:42.871371+00:00
[2023-05-10 06:14:45,354] {standard_task_runner.py:52} INFO - Started process 19067 to run task
[2023-05-10 06:14:45,359] {standard_task_runner.py:76} INFO - Running: ['***', 'tasks', 'run', 'feature_engineering_dag', 'start', 'manual__2023-05-10T06:14:42.871371+00:00', '--job-id', '160', '--raw', '--subdir', 'DAGS_FOLDER/feature_engineering_dag.py', '--cfg-path', '/tmp/tmpiex4dlgp', '--error-file', '/tmp/tmp2mwtrnnx']
[2023-05-10 06:14:45,361] {standard_task_runner.py:77} INFO - Job 160: Subtask start
[2023-05-10 06:14:45,448] {logging_mixin.py:109} INFO - Running <TaskInstance: feature_engineering_dag.start manual__2023-05-10T06:14:42.871371+00:00 [running]> on host cd79de2e36bd
[2023-05-10 06:14:45,534] {taskinstance.py:1426} INFO - Exporting the following env vars:
AIRFLOW_CTX_DAG_OWNER=***
AIRFLOW_CTX_DAG_ID=feature_engineering_dag
AIRFLOW_CTX_TASK_ID=start
AIRFLOW_CTX_EXECUTION_DATE=2023-05-10T06:14:42.871371+00:00
AIRFLOW_CTX_DAG_RUN_ID=manual__2023-05-10T06:14:42.871371+00:00
[2023-05-10 06:14:45,536] {subprocess.py:62} INFO - Tmp dir root location: 
 /tmp
[2023-05-10 06:14:45,537] {subprocess.py:74} INFO - Running command: ['bash', '-c', 'date']
[2023-05-10 06:14:45,553] {subprocess.py:85} INFO - Output:
[2023-05-10 06:14:45,558] {subprocess.py:89} INFO - Wed May 10 06:14:45 UTC 2023
[2023-05-10 06:14:45,559] {subprocess.py:93} INFO - Command exited with return code 0
[2023-05-10 06:14:45,640] {taskinstance.py:1277} INFO - Marking task as SUCCESS. dag_id=feature_engineering_dag, task_id=start, execution_date=20230510T061442, start_date=20230510T061445, end_date=20230510T061445
[2023-05-10 06:14:45,694] {local_task_job.py:154} INFO - Task exited with return code 0
[2023-05-10 06:14:45,756] {local_task_job.py:264} INFO - 2 downstream tasks scheduled from follow-on schedule check
