[2023-05-10 06:21:32,805] {taskinstance.py:1032} INFO - Dependencies all met for <TaskInstance: feature_engineering_dag.etfs_csv_to_parquet manual__2023-05-10T06:14:42.871371+00:00 [queued]>
[2023-05-10 06:21:32,841] {taskinstance.py:1032} INFO - Dependencies all met for <TaskInstance: feature_engineering_dag.etfs_csv_to_parquet manual__2023-05-10T06:14:42.871371+00:00 [queued]>
[2023-05-10 06:21:32,841] {taskinstance.py:1238} INFO - 
--------------------------------------------------------------------------------
[2023-05-10 06:21:32,841] {taskinstance.py:1239} INFO - Starting attempt 1 of 1
[2023-05-10 06:21:32,842] {taskinstance.py:1240} INFO - 
--------------------------------------------------------------------------------
[2023-05-10 06:21:32,901] {taskinstance.py:1259} INFO - Executing <Task(PythonOperator): etfs_csv_to_parquet> on 2023-05-10 06:14:42.871371+00:00
[2023-05-10 06:21:32,917] {standard_task_runner.py:52} INFO - Started process 19712 to run task
[2023-05-10 06:21:32,934] {standard_task_runner.py:76} INFO - Running: ['***', 'tasks', 'run', 'feature_engineering_dag', 'etfs_csv_to_parquet', 'manual__2023-05-10T06:14:42.871371+00:00', '--job-id', '166', '--raw', '--subdir', 'DAGS_FOLDER/feature_engineering_dag.py', '--cfg-path', '/tmp/tmpp2ligo3o', '--error-file', '/tmp/tmpv11wmuu3']
[2023-05-10 06:21:32,936] {standard_task_runner.py:77} INFO - Job 166: Subtask etfs_csv_to_parquet
[2023-05-10 06:21:33,175] {logging_mixin.py:109} INFO - Running <TaskInstance: feature_engineering_dag.etfs_csv_to_parquet manual__2023-05-10T06:14:42.871371+00:00 [running]> on host cd79de2e36bd
[2023-05-10 06:21:33,380] {taskinstance.py:1426} INFO - Exporting the following env vars:
AIRFLOW_CTX_DAG_OWNER=***
AIRFLOW_CTX_DAG_ID=feature_engineering_dag
AIRFLOW_CTX_TASK_ID=etfs_csv_to_parquet
AIRFLOW_CTX_EXECUTION_DATE=2023-05-10T06:14:42.871371+00:00
AIRFLOW_CTX_DAG_RUN_ID=manual__2023-05-10T06:14:42.871371+00:00
[2023-05-10 06:23:56,218] {python.py:175} INFO - Done. Returned value was: None
[2023-05-10 06:23:56,246] {taskinstance.py:1277} INFO - Marking task as SUCCESS. dag_id=feature_engineering_dag, task_id=etfs_csv_to_parquet, execution_date=20230510T061442, start_date=20230510T062132, end_date=20230510T062356
[2023-05-10 06:23:56,328] {local_task_job.py:154} INFO - Task exited with return code 0
[2023-05-10 06:23:56,701] {local_task_job.py:264} INFO - 0 downstream tasks scheduled from follow-on schedule check
