[2023-05-10 05:03:59,189] {taskinstance.py:1032} INFO - Dependencies all met for <TaskInstance: feature_engineering_dag.stocks_cal manual__2023-05-10T05:03:52.276459+00:00 [queued]>
[2023-05-10 05:03:59,242] {taskinstance.py:1032} INFO - Dependencies all met for <TaskInstance: feature_engineering_dag.stocks_cal manual__2023-05-10T05:03:52.276459+00:00 [queued]>
[2023-05-10 05:03:59,243] {taskinstance.py:1238} INFO - 
--------------------------------------------------------------------------------
[2023-05-10 05:03:59,243] {taskinstance.py:1239} INFO - Starting attempt 1 of 1
[2023-05-10 05:03:59,243] {taskinstance.py:1240} INFO - 
--------------------------------------------------------------------------------
[2023-05-10 05:03:59,306] {taskinstance.py:1259} INFO - Executing <Task(PythonOperator): stocks_cal> on 2023-05-10 05:03:52.276459+00:00
[2023-05-10 05:03:59,323] {standard_task_runner.py:52} INFO - Started process 20266 to run task
[2023-05-10 05:03:59,339] {standard_task_runner.py:76} INFO - Running: ['***', 'tasks', 'run', 'feature_engineering_dag', 'stocks_cal', 'manual__2023-05-10T05:03:52.276459+00:00', '--job-id', '149', '--raw', '--subdir', 'DAGS_FOLDER/feature_engineering_dag.py', '--cfg-path', '/tmp/tmpklc8g5b1', '--error-file', '/tmp/tmp_j3as1mi']
[2023-05-10 05:03:59,340] {standard_task_runner.py:77} INFO - Job 149: Subtask stocks_cal
[2023-05-10 05:03:59,589] {logging_mixin.py:109} INFO - Running <TaskInstance: feature_engineering_dag.stocks_cal manual__2023-05-10T05:03:52.276459+00:00 [running]> on host cd79de2e36bd
[2023-05-10 05:03:59,950] {taskinstance.py:1426} INFO - Exporting the following env vars:
AIRFLOW_CTX_DAG_OWNER=***
AIRFLOW_CTX_DAG_ID=feature_engineering_dag
AIRFLOW_CTX_TASK_ID=stocks_cal
AIRFLOW_CTX_EXECUTION_DATE=2023-05-10T05:03:52.276459+00:00
AIRFLOW_CTX_DAG_RUN_ID=manual__2023-05-10T05:03:52.276459+00:00
[2023-05-10 05:08:18,051] {logging_mixin.py:109} INFO - 'symbol' column not found in CARR#.csv. Skipping this file.
[2023-05-10 05:08:39,617] {logging_mixin.py:109} INFO - 'symbol' column not found in AGM-A.csv. Skipping this file.
[2023-05-10 05:09:16,165] {logging_mixin.py:109} INFO - 'symbol' column not found in UTX#.csv. Skipping this file.
[2023-05-10 05:18:18,673] {python.py:175} INFO - Done. Returned value was: None
[2023-05-10 05:18:18,760] {taskinstance.py:1277} INFO - Marking task as SUCCESS. dag_id=feature_engineering_dag, task_id=stocks_cal, execution_date=20230510T050352, start_date=20230510T050359, end_date=20230510T051818
[2023-05-10 05:18:18,830] {local_task_job.py:154} INFO - Task exited with return code 0
[2023-05-10 05:18:18,877] {local_task_job.py:264} INFO - 0 downstream tasks scheduled from follow-on schedule check
