[2023-05-10 05:23:08,866] {taskinstance.py:1032} INFO - Dependencies all met for <TaskInstance: feature_engineering_dag.stocks_cal manual__2023-05-10T05:03:52.276459+00:00 [queued]>
[2023-05-10 05:23:08,904] {taskinstance.py:1032} INFO - Dependencies all met for <TaskInstance: feature_engineering_dag.stocks_cal manual__2023-05-10T05:03:52.276459+00:00 [queued]>
[2023-05-10 05:23:08,904] {taskinstance.py:1238} INFO - 
--------------------------------------------------------------------------------
[2023-05-10 05:23:08,907] {taskinstance.py:1239} INFO - Starting attempt 2 of 2
[2023-05-10 05:23:08,907] {taskinstance.py:1240} INFO - 
--------------------------------------------------------------------------------
[2023-05-10 05:23:09,044] {taskinstance.py:1259} INFO - Executing <Task(PythonOperator): stocks_cal> on 2023-05-10 05:03:52.276459+00:00
[2023-05-10 05:23:09,057] {standard_task_runner.py:52} INFO - Started process 13240 to run task
[2023-05-10 05:23:09,066] {standard_task_runner.py:76} INFO - Running: ['***', 'tasks', 'run', 'feature_engineering_dag', 'stocks_cal', 'manual__2023-05-10T05:03:52.276459+00:00', '--job-id', '155', '--raw', '--subdir', 'DAGS_FOLDER/feature_engineering_dag.py', '--cfg-path', '/tmp/tmp8yp9zme9', '--error-file', '/tmp/tmp_0hkia7i']
[2023-05-10 05:23:09,067] {standard_task_runner.py:77} INFO - Job 155: Subtask stocks_cal
[2023-05-10 05:23:09,178] {logging_mixin.py:109} INFO - Running <TaskInstance: feature_engineering_dag.stocks_cal manual__2023-05-10T05:03:52.276459+00:00 [running]> on host cd79de2e36bd
[2023-05-10 05:23:09,313] {taskinstance.py:1426} INFO - Exporting the following env vars:
AIRFLOW_CTX_DAG_OWNER=***
AIRFLOW_CTX_DAG_ID=feature_engineering_dag
AIRFLOW_CTX_TASK_ID=stocks_cal
AIRFLOW_CTX_EXECUTION_DATE=2023-05-10T05:03:52.276459+00:00
AIRFLOW_CTX_DAG_RUN_ID=manual__2023-05-10T05:03:52.276459+00:00
[2023-05-10 05:28:29,911] {logging_mixin.py:109} INFO - 'symbol' column not found in CARR#.csv. Skipping this file.
[2023-05-10 05:28:50,717] {logging_mixin.py:109} INFO - 'symbol' column not found in AGM-A.csv. Skipping this file.
[2023-05-10 05:29:34,574] {logging_mixin.py:109} INFO - 'symbol' column not found in UTX#.csv. Skipping this file.
[2023-05-10 05:30:35,998] {local_task_job.py:212} WARNING - State of this instance has been externally set to failed. Terminating instance.
[2023-05-10 05:30:36,001] {process_utils.py:124} INFO - Sending Signals.SIGTERM to group 13240. PIDs of all processes in the group: [13240]
[2023-05-10 05:30:36,001] {process_utils.py:75} INFO - Sending the signal Signals.SIGTERM to group 13240
[2023-05-10 05:30:36,001] {taskinstance.py:1408} ERROR - Received SIGTERM. Terminating subprocesses.
[2023-05-10 05:30:36,054] {process_utils.py:70} INFO - Process psutil.Process(pid=13240, status='terminated', exitcode=0, started='05:23:08') (13240) terminated with exit code 0
