[2023-05-10 06:14:47,745] {taskinstance.py:1032} INFO - Dependencies all met for <TaskInstance: feature_engineering_dag.stocks_cal manual__2023-05-10T05:03:52.276459+00:00 [queued]>
[2023-05-10 06:14:47,790] {taskinstance.py:1032} INFO - Dependencies all met for <TaskInstance: feature_engineering_dag.stocks_cal manual__2023-05-10T05:03:52.276459+00:00 [queued]>
[2023-05-10 06:14:47,790] {taskinstance.py:1238} INFO - 
--------------------------------------------------------------------------------
[2023-05-10 06:14:47,790] {taskinstance.py:1239} INFO - Starting attempt 3 of 3
[2023-05-10 06:14:47,790] {taskinstance.py:1240} INFO - 
--------------------------------------------------------------------------------
[2023-05-10 06:14:47,858] {taskinstance.py:1259} INFO - Executing <Task(PythonOperator): stocks_cal> on 2023-05-10 05:03:52.276459+00:00
[2023-05-10 06:14:47,866] {standard_task_runner.py:52} INFO - Started process 19103 to run task
[2023-05-10 06:14:47,899] {standard_task_runner.py:76} INFO - Running: ['***', 'tasks', 'run', 'feature_engineering_dag', 'stocks_cal', 'manual__2023-05-10T05:03:52.276459+00:00', '--job-id', '162', '--raw', '--subdir', 'DAGS_FOLDER/feature_engineering_dag.py', '--cfg-path', '/tmp/tmpcvljy2wi', '--error-file', '/tmp/tmpmg295q5_']
[2023-05-10 06:14:47,901] {standard_task_runner.py:77} INFO - Job 162: Subtask stocks_cal
[2023-05-10 06:14:48,136] {logging_mixin.py:109} INFO - Running <TaskInstance: feature_engineering_dag.stocks_cal manual__2023-05-10T05:03:52.276459+00:00 [running]> on host cd79de2e36bd
[2023-05-10 06:14:48,360] {taskinstance.py:1426} INFO - Exporting the following env vars:
AIRFLOW_CTX_DAG_OWNER=***
AIRFLOW_CTX_DAG_ID=feature_engineering_dag
AIRFLOW_CTX_TASK_ID=stocks_cal
AIRFLOW_CTX_EXECUTION_DATE=2023-05-10T05:03:52.276459+00:00
AIRFLOW_CTX_DAG_RUN_ID=manual__2023-05-10T05:03:52.276459+00:00
[2023-05-10 06:24:26,385] {logging_mixin.py:109} INFO - 'symbol' column not found in CARR#.csv. Skipping this file.
[2023-05-10 06:25:03,874] {logging_mixin.py:109} INFO - 'symbol' column not found in AGM-A.csv. Skipping this file.
[2023-05-10 06:26:36,577] {logging_mixin.py:109} INFO - 'symbol' column not found in UTX#.csv. Skipping this file.
[2023-05-10 06:40:36,366] {python.py:175} INFO - Done. Returned value was: None
[2023-05-10 06:40:36,838] {taskinstance.py:1277} INFO - Marking task as SUCCESS. dag_id=feature_engineering_dag, task_id=stocks_cal, execution_date=20230510T050352, start_date=20230510T061447, end_date=20230510T064036
[2023-05-10 06:40:37,105] {local_task_job.py:154} INFO - Task exited with return code 0
[2023-05-10 06:40:37,235] {local_task_job.py:264} INFO - 1 downstream tasks scheduled from follow-on schedule check
