[2023-05-10 05:21:50,747] {taskinstance.py:1032} INFO - Dependencies all met for <TaskInstance: feature_engineering_dag.start manual__2023-05-10T05:03:52.276459+00:00 [queued]>
[2023-05-10 05:21:50,764] {taskinstance.py:1032} INFO - Dependencies all met for <TaskInstance: feature_engineering_dag.start manual__2023-05-10T05:03:52.276459+00:00 [queued]>
[2023-05-10 05:21:50,764] {taskinstance.py:1238} INFO - 
--------------------------------------------------------------------------------
[2023-05-10 05:21:50,764] {taskinstance.py:1239} INFO - Starting attempt 2 of 1
[2023-05-10 05:21:50,765] {taskinstance.py:1240} INFO - 
--------------------------------------------------------------------------------
[2023-05-10 05:21:50,783] {taskinstance.py:1259} INFO - Executing <Task(BashOperator): start> on 2023-05-10 05:03:52.276459+00:00
[2023-05-10 05:21:50,790] {standard_task_runner.py:52} INFO - Started process 10586 to run task
[2023-05-10 05:21:50,796] {standard_task_runner.py:76} INFO - Running: ['***', 'tasks', 'run', 'feature_engineering_dag', 'start', 'manual__2023-05-10T05:03:52.276459+00:00', '--job-id', '153', '--raw', '--subdir', 'DAGS_FOLDER/feature_engineering_dag.py', '--cfg-path', '/tmp/tmpw_a3y290', '--error-file', '/tmp/tmpothl5mdr']
[2023-05-10 05:21:50,797] {standard_task_runner.py:77} INFO - Job 153: Subtask start
[2023-05-10 05:21:50,874] {logging_mixin.py:109} INFO - Running <TaskInstance: feature_engineering_dag.start manual__2023-05-10T05:03:52.276459+00:00 [running]> on host cd79de2e36bd
[2023-05-10 05:21:50,955] {taskinstance.py:1426} INFO - Exporting the following env vars:
AIRFLOW_CTX_DAG_OWNER=***
AIRFLOW_CTX_DAG_ID=feature_engineering_dag
AIRFLOW_CTX_TASK_ID=start
AIRFLOW_CTX_EXECUTION_DATE=2023-05-10T05:03:52.276459+00:00
AIRFLOW_CTX_DAG_RUN_ID=manual__2023-05-10T05:03:52.276459+00:00
[2023-05-10 05:21:50,956] {subprocess.py:62} INFO - Tmp dir root location: 
 /tmp
[2023-05-10 05:21:50,958] {subprocess.py:74} INFO - Running command: ['bash', '-c', 'date']
[2023-05-10 05:21:50,972] {subprocess.py:85} INFO - Output:
[2023-05-10 05:21:50,993] {subprocess.py:89} INFO - Wed May 10 05:21:50 UTC 2023
[2023-05-10 05:21:50,994] {subprocess.py:93} INFO - Command exited with return code 0
[2023-05-10 05:21:51,031] {taskinstance.py:1277} INFO - Marking task as SUCCESS. dag_id=feature_engineering_dag, task_id=start, execution_date=20230510T050352, start_date=20230510T052150, end_date=20230510T052151
[2023-05-10 05:21:51,089] {local_task_job.py:154} INFO - Task exited with return code 0
[2023-05-10 05:21:51,133] {local_task_job.py:264} INFO - 0 downstream tasks scheduled from follow-on schedule check
