[2023-05-10 06:14:47,997] {taskinstance.py:1032} INFO - Dependencies all met for <TaskInstance: feature_engineering_dag.etfs_cal manual__2023-05-10T06:14:42.871371+00:00 [queued]>
[2023-05-10 06:14:48,034] {taskinstance.py:1032} INFO - Dependencies all met for <TaskInstance: feature_engineering_dag.etfs_cal manual__2023-05-10T06:14:42.871371+00:00 [queued]>
[2023-05-10 06:14:48,034] {taskinstance.py:1238} INFO - 
--------------------------------------------------------------------------------
[2023-05-10 06:14:48,034] {taskinstance.py:1239} INFO - Starting attempt 1 of 1
[2023-05-10 06:14:48,034] {taskinstance.py:1240} INFO - 
--------------------------------------------------------------------------------
[2023-05-10 06:14:48,071] {taskinstance.py:1259} INFO - Executing <Task(PythonOperator): etfs_cal> on 2023-05-10 06:14:42.871371+00:00
[2023-05-10 06:14:48,078] {standard_task_runner.py:52} INFO - Started process 19104 to run task
[2023-05-10 06:14:48,095] {standard_task_runner.py:76} INFO - Running: ['***', 'tasks', 'run', 'feature_engineering_dag', 'etfs_cal', 'manual__2023-05-10T06:14:42.871371+00:00', '--job-id', '164', '--raw', '--subdir', 'DAGS_FOLDER/feature_engineering_dag.py', '--cfg-path', '/tmp/tmp_hhuy105', '--error-file', '/tmp/tmp_8rmo5bl']
[2023-05-10 06:14:48,097] {standard_task_runner.py:77} INFO - Job 164: Subtask etfs_cal
[2023-05-10 06:14:48,300] {logging_mixin.py:109} INFO - Running <TaskInstance: feature_engineering_dag.etfs_cal manual__2023-05-10T06:14:42.871371+00:00 [running]> on host cd79de2e36bd
[2023-05-10 06:14:48,437] {taskinstance.py:1426} INFO - Exporting the following env vars:
AIRFLOW_CTX_DAG_OWNER=***
AIRFLOW_CTX_DAG_ID=feature_engineering_dag
AIRFLOW_CTX_TASK_ID=etfs_cal
AIRFLOW_CTX_EXECUTION_DATE=2023-05-10T06:14:42.871371+00:00
AIRFLOW_CTX_DAG_RUN_ID=manual__2023-05-10T06:14:42.871371+00:00
[2023-05-10 06:21:27,208] {python.py:175} INFO - Done. Returned value was: None
[2023-05-10 06:21:27,316] {taskinstance.py:1277} INFO - Marking task as SUCCESS. dag_id=feature_engineering_dag, task_id=etfs_cal, execution_date=20230510T061442, start_date=20230510T061447, end_date=20230510T062127
[2023-05-10 06:21:27,375] {local_task_job.py:154} INFO - Task exited with return code 0
[2023-05-10 06:21:27,485] {local_task_job.py:264} INFO - 1 downstream tasks scheduled from follow-on schedule check
