[2023-05-10 05:23:08,690] {taskinstance.py:1032} INFO - Dependencies all met for <TaskInstance: feature_engineering_dag.etfs_cal manual__2023-05-10T05:03:52.276459+00:00 [queued]>
[2023-05-10 05:23:08,719] {taskinstance.py:1032} INFO - Dependencies all met for <TaskInstance: feature_engineering_dag.etfs_cal manual__2023-05-10T05:03:52.276459+00:00 [queued]>
[2023-05-10 05:23:08,719] {taskinstance.py:1238} INFO - 
--------------------------------------------------------------------------------
[2023-05-10 05:23:08,720] {taskinstance.py:1239} INFO - Starting attempt 2 of 2
[2023-05-10 05:23:08,720] {taskinstance.py:1240} INFO - 
--------------------------------------------------------------------------------
[2023-05-10 05:23:08,858] {taskinstance.py:1259} INFO - Executing <Task(PythonOperator): etfs_cal> on 2023-05-10 05:03:52.276459+00:00
[2023-05-10 05:23:08,867] {standard_task_runner.py:52} INFO - Started process 13239 to run task
[2023-05-10 05:23:08,877] {standard_task_runner.py:76} INFO - Running: ['***', 'tasks', 'run', 'feature_engineering_dag', 'etfs_cal', 'manual__2023-05-10T05:03:52.276459+00:00', '--job-id', '156', '--raw', '--subdir', 'DAGS_FOLDER/feature_engineering_dag.py', '--cfg-path', '/tmp/tmpzyi8gkuq', '--error-file', '/tmp/tmpox6ykfh2']
[2023-05-10 05:23:08,879] {standard_task_runner.py:77} INFO - Job 156: Subtask etfs_cal
[2023-05-10 05:23:09,144] {logging_mixin.py:109} INFO - Running <TaskInstance: feature_engineering_dag.etfs_cal manual__2023-05-10T05:03:52.276459+00:00 [running]> on host cd79de2e36bd
[2023-05-10 05:23:09,237] {taskinstance.py:1426} INFO - Exporting the following env vars:
AIRFLOW_CTX_DAG_OWNER=***
AIRFLOW_CTX_DAG_ID=feature_engineering_dag
AIRFLOW_CTX_TASK_ID=etfs_cal
AIRFLOW_CTX_EXECUTION_DATE=2023-05-10T05:03:52.276459+00:00
AIRFLOW_CTX_DAG_RUN_ID=manual__2023-05-10T05:03:52.276459+00:00
[2023-05-10 05:26:53,852] {python.py:175} INFO - Done. Returned value was: None
[2023-05-10 05:26:53,883] {taskinstance.py:1277} INFO - Marking task as SUCCESS. dag_id=feature_engineering_dag, task_id=etfs_cal, execution_date=20230510T050352, start_date=20230510T052308, end_date=20230510T052653
[2023-05-10 05:26:53,978] {local_task_job.py:154} INFO - Task exited with return code 0
[2023-05-10 05:26:54,086] {local_task_job.py:264} INFO - 0 downstream tasks scheduled from follow-on schedule check
