[2023-05-10 06:40:40,788] {taskinstance.py:1032} INFO - Dependencies all met for <TaskInstance: feature_engineering_dag.stock_csv_to_parquet manual__2023-05-10T05:03:52.276459+00:00 [queued]>
[2023-05-10 06:40:40,826] {taskinstance.py:1032} INFO - Dependencies all met for <TaskInstance: feature_engineering_dag.stock_csv_to_parquet manual__2023-05-10T05:03:52.276459+00:00 [queued]>
[2023-05-10 06:40:40,827] {taskinstance.py:1238} INFO - 
--------------------------------------------------------------------------------
[2023-05-10 06:40:40,827] {taskinstance.py:1239} INFO - Starting attempt 4 of 4
[2023-05-10 06:40:40,827] {taskinstance.py:1240} INFO - 
--------------------------------------------------------------------------------
[2023-05-10 06:40:40,862] {taskinstance.py:1259} INFO - Executing <Task(PythonOperator): stock_csv_to_parquet> on 2023-05-10 05:03:52.276459+00:00
[2023-05-10 06:40:40,870] {standard_task_runner.py:52} INFO - Started process 32142 to run task
[2023-05-10 06:40:40,881] {standard_task_runner.py:76} INFO - Running: ['***', 'tasks', 'run', 'feature_engineering_dag', 'stock_csv_to_parquet', 'manual__2023-05-10T05:03:52.276459+00:00', '--job-id', '169', '--raw', '--subdir', 'DAGS_FOLDER/feature_engineering_dag.py', '--cfg-path', '/tmp/tmpt8bv3wcs', '--error-file', '/tmp/tmptajktkz0']
[2023-05-10 06:40:40,882] {standard_task_runner.py:77} INFO - Job 169: Subtask stock_csv_to_parquet
[2023-05-10 06:40:40,975] {logging_mixin.py:109} INFO - Running <TaskInstance: feature_engineering_dag.stock_csv_to_parquet manual__2023-05-10T05:03:52.276459+00:00 [running]> on host cd79de2e36bd
[2023-05-10 06:40:41,128] {taskinstance.py:1426} INFO - Exporting the following env vars:
AIRFLOW_CTX_DAG_OWNER=***
AIRFLOW_CTX_DAG_ID=feature_engineering_dag
AIRFLOW_CTX_TASK_ID=stock_csv_to_parquet
AIRFLOW_CTX_EXECUTION_DATE=2023-05-10T05:03:52.276459+00:00
AIRFLOW_CTX_DAG_RUN_ID=manual__2023-05-10T05:03:52.276459+00:00
[2023-05-10 06:47:53,344] {python.py:175} INFO - Done. Returned value was: None
[2023-05-10 06:47:53,445] {taskinstance.py:1277} INFO - Marking task as SUCCESS. dag_id=feature_engineering_dag, task_id=stock_csv_to_parquet, execution_date=20230510T050352, start_date=20230510T064040, end_date=20230510T064753
[2023-05-10 06:47:53,508] {local_task_job.py:154} INFO - Task exited with return code 0
[2023-05-10 06:47:53,562] {local_task_job.py:264} INFO - 0 downstream tasks scheduled from follow-on schedule check
