[2023-05-10 04:15:57,523] {taskinstance.py:1032} INFO - Dependencies all met for <TaskInstance: data_processing_dag.process_dataset manual__2023-05-10T04:13:20.447551+00:00 [queued]>
[2023-05-10 04:15:57,545] {taskinstance.py:1032} INFO - Dependencies all met for <TaskInstance: data_processing_dag.process_dataset manual__2023-05-10T04:13:20.447551+00:00 [queued]>
[2023-05-10 04:15:57,545] {taskinstance.py:1238} INFO - 
--------------------------------------------------------------------------------
[2023-05-10 04:15:57,545] {taskinstance.py:1239} INFO - Starting attempt 1 of 3
[2023-05-10 04:15:57,546] {taskinstance.py:1240} INFO - 
--------------------------------------------------------------------------------
[2023-05-10 04:15:57,569] {taskinstance.py:1259} INFO - Executing <Task(PythonOperator): process_dataset> on 2023-05-10 04:13:20.447551+00:00
[2023-05-10 04:15:57,578] {standard_task_runner.py:52} INFO - Started process 3879 to run task
[2023-05-10 04:15:57,589] {standard_task_runner.py:76} INFO - Running: ['***', 'tasks', 'run', 'data_processing_dag', 'process_dataset', 'manual__2023-05-10T04:13:20.447551+00:00', '--job-id', '142', '--raw', '--subdir', 'DAGS_FOLDER/data_processing_dag.py', '--cfg-path', '/tmp/tmp0ae0cy49', '--error-file', '/tmp/tmp7z2_0z0u']
[2023-05-10 04:15:57,590] {standard_task_runner.py:77} INFO - Job 142: Subtask process_dataset
[2023-05-10 04:15:57,688] {logging_mixin.py:109} INFO - Running <TaskInstance: data_processing_dag.process_dataset manual__2023-05-10T04:13:20.447551+00:00 [running]> on host cd79de2e36bd
[2023-05-10 04:15:57,870] {taskinstance.py:1426} INFO - Exporting the following env vars:
AIRFLOW_CTX_DAG_OWNER=***
AIRFLOW_CTX_DAG_ID=data_processing_dag
AIRFLOW_CTX_TASK_ID=process_dataset
AIRFLOW_CTX_EXECUTION_DATE=2023-05-10T04:13:20.447551+00:00
AIRFLOW_CTX_DAG_RUN_ID=manual__2023-05-10T04:13:20.447551+00:00
[2023-05-10 04:36:59,435] {python.py:175} INFO - Done. Returned value was: None
[2023-05-10 04:36:59,454] {taskinstance.py:1277} INFO - Marking task as SUCCESS. dag_id=data_processing_dag, task_id=process_dataset, execution_date=20230510T041320, start_date=20230510T041557, end_date=20230510T043659
[2023-05-10 04:36:59,527] {local_task_job.py:154} INFO - Task exited with return code 0
[2023-05-10 04:36:59,588] {local_task_job.py:264} INFO - 1 downstream tasks scheduled from follow-on schedule check
