[2023-05-10 04:37:01,817] {taskinstance.py:1032} INFO - Dependencies all met for <TaskInstance: data_processing_dag.stock_csv_to_parquet manual__2023-05-10T04:13:20.447551+00:00 [queued]>
[2023-05-10 04:37:01,839] {taskinstance.py:1032} INFO - Dependencies all met for <TaskInstance: data_processing_dag.stock_csv_to_parquet manual__2023-05-10T04:13:20.447551+00:00 [queued]>
[2023-05-10 04:37:01,840] {taskinstance.py:1238} INFO - 
--------------------------------------------------------------------------------
[2023-05-10 04:37:01,840] {taskinstance.py:1239} INFO - Starting attempt 1 of 3
[2023-05-10 04:37:01,840] {taskinstance.py:1240} INFO - 
--------------------------------------------------------------------------------
[2023-05-10 04:37:01,857] {taskinstance.py:1259} INFO - Executing <Task(PythonOperator): stock_csv_to_parquet> on 2023-05-10 04:13:20.447551+00:00
[2023-05-10 04:37:01,865] {standard_task_runner.py:52} INFO - Started process 5772 to run task
[2023-05-10 04:37:01,871] {standard_task_runner.py:76} INFO - Running: ['***', 'tasks', 'run', 'data_processing_dag', 'stock_csv_to_parquet', 'manual__2023-05-10T04:13:20.447551+00:00', '--job-id', '143', '--raw', '--subdir', 'DAGS_FOLDER/data_processing_dag.py', '--cfg-path', '/tmp/tmppkj4sqjk', '--error-file', '/tmp/tmpcjiyfu12']
[2023-05-10 04:37:01,872] {standard_task_runner.py:77} INFO - Job 143: Subtask stock_csv_to_parquet
[2023-05-10 04:37:01,949] {logging_mixin.py:109} INFO - Running <TaskInstance: data_processing_dag.stock_csv_to_parquet manual__2023-05-10T04:13:20.447551+00:00 [running]> on host cd79de2e36bd
[2023-05-10 04:37:02,026] {taskinstance.py:1426} INFO - Exporting the following env vars:
AIRFLOW_CTX_DAG_OWNER=***
AIRFLOW_CTX_DAG_ID=data_processing_dag
AIRFLOW_CTX_TASK_ID=stock_csv_to_parquet
AIRFLOW_CTX_EXECUTION_DATE=2023-05-10T04:13:20.447551+00:00
AIRFLOW_CTX_DAG_RUN_ID=manual__2023-05-10T04:13:20.447551+00:00
[2023-05-10 04:43:08,354] {python.py:175} INFO - Done. Returned value was: None
[2023-05-10 04:43:08,386] {taskinstance.py:1277} INFO - Marking task as SUCCESS. dag_id=data_processing_dag, task_id=stock_csv_to_parquet, execution_date=20230510T041320, start_date=20230510T043701, end_date=20230510T044308
[2023-05-10 04:43:08,434] {local_task_job.py:154} INFO - Task exited with return code 0
[2023-05-10 04:43:08,515] {local_task_job.py:264} INFO - 1 downstream tasks scheduled from follow-on schedule check
