[2023-05-10 04:48:56,352] {taskinstance.py:1032} INFO - Dependencies all met for <TaskInstance: data_processing_dag.etfs_csv_to_parquet manual__2023-05-10T04:13:20.447551+00:00 [queued]>
[2023-05-10 04:48:56,363] {taskinstance.py:1032} INFO - Dependencies all met for <TaskInstance: data_processing_dag.etfs_csv_to_parquet manual__2023-05-10T04:13:20.447551+00:00 [queued]>
[2023-05-10 04:48:56,363] {taskinstance.py:1238} INFO - 
--------------------------------------------------------------------------------
[2023-05-10 04:48:56,363] {taskinstance.py:1239} INFO - Starting attempt 2 of 4
[2023-05-10 04:48:56,364] {taskinstance.py:1240} INFO - 
--------------------------------------------------------------------------------
[2023-05-10 04:48:56,377] {taskinstance.py:1259} INFO - Executing <Task(PythonOperator): etfs_csv_to_parquet> on 2023-05-10 04:13:20.447551+00:00
[2023-05-10 04:48:56,383] {standard_task_runner.py:52} INFO - Started process 26190 to run task
[2023-05-10 04:48:56,387] {standard_task_runner.py:76} INFO - Running: ['***', 'tasks', 'run', 'data_processing_dag', 'etfs_csv_to_parquet', 'manual__2023-05-10T04:13:20.447551+00:00', '--job-id', '145', '--raw', '--subdir', 'DAGS_FOLDER/data_processing_dag.py', '--cfg-path', '/tmp/tmpzuqpr8mt', '--error-file', '/tmp/tmpg1f0rm1u']
[2023-05-10 04:48:56,388] {standard_task_runner.py:77} INFO - Job 145: Subtask etfs_csv_to_parquet
[2023-05-10 04:48:56,457] {logging_mixin.py:109} INFO - Running <TaskInstance: data_processing_dag.etfs_csv_to_parquet manual__2023-05-10T04:13:20.447551+00:00 [running]> on host cd79de2e36bd
[2023-05-10 04:48:56,531] {taskinstance.py:1426} INFO - Exporting the following env vars:
AIRFLOW_CTX_DAG_OWNER=***
AIRFLOW_CTX_DAG_ID=data_processing_dag
AIRFLOW_CTX_TASK_ID=etfs_csv_to_parquet
AIRFLOW_CTX_EXECUTION_DATE=2023-05-10T04:13:20.447551+00:00
AIRFLOW_CTX_DAG_RUN_ID=manual__2023-05-10T04:13:20.447551+00:00
[2023-05-10 04:50:10,461] {python.py:175} INFO - Done. Returned value was: None
[2023-05-10 04:50:10,481] {taskinstance.py:1277} INFO - Marking task as SUCCESS. dag_id=data_processing_dag, task_id=etfs_csv_to_parquet, execution_date=20230510T041320, start_date=20230510T044856, end_date=20230510T045010
[2023-05-10 04:50:10,559] {local_task_job.py:154} INFO - Task exited with return code 0
[2023-05-10 04:50:10,601] {local_task_job.py:264} INFO - 0 downstream tasks scheduled from follow-on schedule check
