[2023-05-10 06:21:32,702] {taskinstance.py:1032} INFO - Dependencies all met for <TaskInstance: feature_engineering_dag.etfs_csv_to_parquet manual__2023-05-10T05:03:52.276459+00:00 [queued]>
[2023-05-10 06:21:32,757] {taskinstance.py:1032} INFO - Dependencies all met for <TaskInstance: feature_engineering_dag.etfs_csv_to_parquet manual__2023-05-10T05:03:52.276459+00:00 [queued]>
[2023-05-10 06:21:32,757] {taskinstance.py:1238} INFO - 
--------------------------------------------------------------------------------
[2023-05-10 06:21:32,757] {taskinstance.py:1239} INFO - Starting attempt 4 of 4
[2023-05-10 06:21:32,757] {taskinstance.py:1240} INFO - 
--------------------------------------------------------------------------------
[2023-05-10 06:21:32,811] {taskinstance.py:1259} INFO - Executing <Task(PythonOperator): etfs_csv_to_parquet> on 2023-05-10 05:03:52.276459+00:00
[2023-05-10 06:21:32,834] {standard_task_runner.py:52} INFO - Started process 19711 to run task
[2023-05-10 06:21:32,890] {standard_task_runner.py:76} INFO - Running: ['***', 'tasks', 'run', 'feature_engineering_dag', 'etfs_csv_to_parquet', 'manual__2023-05-10T05:03:52.276459+00:00', '--job-id', '165', '--raw', '--subdir', 'DAGS_FOLDER/feature_engineering_dag.py', '--cfg-path', '/tmp/tmpkbbkiay8', '--error-file', '/tmp/tmp_3661oan']
[2023-05-10 06:21:32,891] {standard_task_runner.py:77} INFO - Job 165: Subtask etfs_csv_to_parquet
[2023-05-10 06:21:33,182] {logging_mixin.py:109} INFO - Running <TaskInstance: feature_engineering_dag.etfs_csv_to_parquet manual__2023-05-10T05:03:52.276459+00:00 [running]> on host cd79de2e36bd
[2023-05-10 06:21:33,364] {taskinstance.py:1426} INFO - Exporting the following env vars:
AIRFLOW_CTX_DAG_OWNER=***
AIRFLOW_CTX_DAG_ID=feature_engineering_dag
AIRFLOW_CTX_TASK_ID=etfs_csv_to_parquet
AIRFLOW_CTX_EXECUTION_DATE=2023-05-10T05:03:52.276459+00:00
AIRFLOW_CTX_DAG_RUN_ID=manual__2023-05-10T05:03:52.276459+00:00
[2023-05-10 06:23:56,336] {python.py:175} INFO - Done. Returned value was: None
[2023-05-10 06:23:56,618] {taskinstance.py:1277} INFO - Marking task as SUCCESS. dag_id=feature_engineering_dag, task_id=etfs_csv_to_parquet, execution_date=20230510T050352, start_date=20230510T062132, end_date=20230510T062356
[2023-05-10 06:23:56,782] {local_task_job.py:154} INFO - Task exited with return code 0
[2023-05-10 06:23:56,954] {local_task_job.py:264} INFO - 0 downstream tasks scheduled from follow-on schedule check
